
###################################
x:6
    r:0
    r:1
    r:2
    r:3
(l,r): 0 , 2 r-l+1:3
    r:2
# (l,r): 1 , 2 r-l+1:2
    r:2
    r:3
(l,r): 2 , 2 r-l+1:1
    r:2
    r:3
(l,r): 3 , 3 r-l+1:1
    r:3
    r:4
(l,r): 4 , 4 r-l+1:1
    r:4
    r:5
(l,r): 5 , 5 r-l+1:1
9

###################################
x:9
    r:0
    r:1
    r:2
    r:3
(l,r): 0 , 2 r-l+1:3
    r:2
    r:3
(l,r): 1 , 2 r-l+1:2
    r:2
    r:3
(l,r): 2 , 2 r-l+1:1
    r:2
    r:3
(l,r): 3 , 3 r-l+1:1
    r:3
    r:4
(l,r): 4 , 4 r-l+1:1
    r:4
    r:5
(l,r): 5 , 5 r-l+1:1
9

###################################
x:12
    r:0
    r:1
    r:2
    r:3
    r:4
(l,r): 0 , 3 r-l+1:4
    r:3
# (l,r): 1 , 3 r-l+1:3
    r:3
    r:4
(l,r): 2 , 3 r-l+1:2
    r:3
    r:4
(l,r): 3 , 3 r-l+1:1
    r:3
    r:4
(l,r): 4 , 4 r-l+1:1
    r:4
    r:5
(l,r): 5 , 5 r-l+1:1
12

###################################
x:21
    r:0
    r:1
    r:2
    r:3
    r:4
    r:5
(l,r): 0 , 5 r-l+1:6
    r:5
# (l,r): 1 , 5 r-l+1:5
    r:5
# (l,r): 2 , 5 r-l+1:4
    r:5
(l,r): 3 , 5 r-l+1:3
    r:5
# (l,r): 4 , 5 r-l+1:2
    r:5
(l,r): 5 , 5 r-l+1:1
21

###################################
x:15
    r:0
    r:1
    r:2
    r:3
    r:4
    r:5
(l,r): 0 , 4 r-l+1:5
    r:4
# (l,r): 1 , 4 r-l+1:4
    r:4
# (l,r): 2 , 4 r-l+1:3
    r:4
    r:5
(l,r): 3 , 4 r-l+1:2
    r:4
    r:5
(l,r): 4 , 4 r-l+1:1
    r:4
    r:5
(l,r): 5 , 5 r-l+1:1
16
