p x x x x x x x x x 
x o o o o o o o x x 
x x o o o o o x x x 
x x x o o o x x x x 
x x x x o x x x x x 
x x x x x x x x x x 
x x x x o x x x x x 
x x x o o o x x x x 
x x o o o o o x x x 
x x x x x x x x x x 

x p x x x x x x x x 
x o o o o o o o x x 
x x o o o o o x x x 
x x x o o o x x x x 
x x x x o x x x x x 
x x x x x x x x x x 
x x x x o x x x x x 
x x x o o o x x x x 
x x o o o o o x x x 
x x x x x x x x x x 

x x p x x x x x x x 
x o o o o o o o x x 
x x o o o o o x x x 
x x x o o o x x x x 
x x x x o x x x x x 
x x x x x x x x x x 
x x x x o x x x x x 
x x x o o o x x x x 
x x o o o o o x x x 
x x x x x x x x x x 

x x x p x x x x x x 
x o o o o o o o x x 
x x o o o o o x x x 
x x x o o o x x x x 
x x x x o x x x x x 
x x x x x x x x x x 
x x x x o x x x x x 
x x x o o o x x x x 
x x o o o o o x x x 
x x x x x x x x x x 

x x x x p x x x x x 
x o o o o o o o x x 
x x o o o o o x x x 
x x x o o o x x x x 
x x x x o x x x x x 
x x x x x x x x x x 
x x x x o x x x x x 
x x x o o o x x x x 
x x o o o o o x x x 
x x x x x x x x x x 

x x x x x p x x x x 
x o o o o o o o x x 
x x o o o o o x x x 
x x x o o o x x x x 
x x x x o x x x x x 
x x x x x x x x x x 
x x x x o x x x x x 
x x x o o o x x x x 
x x o o o o o x x x 
x x x x x x x x x x 

x x x x x x p x x x 
x o o o o o o o x x 
x x o o o o o x x x 
x x x o o o x x x x 
x x x x o x x x x x 
x x x x x x x x x x 
x x x x o x x x x x 
x x x o o o x x x x 
x x o o o o o x x x 
x x x x x x x x x x 

x x x x x x x p x x 
x o o o o o o o x x 
x x o o o o o x x x 
x x x o o o x x x x 
x x x x o x x x x x 
x x x x x x x x x x 
x x x x o x x x x x 
x x x o o o x x x x 
x x o o o o o x x x 
x x x x x x x x x x 

x x x x x x x x p x 
x o o o o o o o x x 
x x o o o o o x x x 
x x x o o o x x x x 
x x x x o x x x x x 
x x x x x x x x x x 
x x x x o x x x x x 
x x x o o o x x x x 
x x o o o o o x x x 
x x x x x x x x x x 

x x x x x x x x x p 
x o o o o o o o x x 
x x o o o o o x x x 
x x x o o o x x x x 
x x x x o x x x x x 
x x x x x x x x x x 
x x x x o x x x x x 
x x x o o o x x x x 
x x o o o o o x x x 
x x x x x x x x x x 

x x x x x x x x x x 
p o o o o o o o x x 
x x o o o o o x x x 
x x x o o o x x x x 
x x x x o x x x x x 
x x x x x x x x x x 
x x x x o x x x x x 
x x x o o o x x x x 
x x o o o o o x x x 
x x x x x x x x x x 

x x x x x x x x x x 
x o o o o o o o p x 
x x o o o o o x x x 
x x x o o o x x x x 
x x x x o x x x x x 
x x x x x x x x x x 
x x x x o x x x x x 
x x x o o o x x x x 
x x o o o o o x x x 
x x x x x x x x x x 

x x x x x x x x x x 
x o o o o o o o x p 
x x o o o o o x x x 
x x x o o o x x x x 
x x x x o x x x x x 
x x x x x x x x x x 
x x x x o x x x x x 
x x x o o o x x x x 
x x o o o o o x x x 
x x x x x x x x x x 

x x x x x x x x x x 
x o o o o o o o x x 
p x o o o o o x x x 
x x x o o o x x x x 
x x x x o x x x x x 
x x x x x x x x x x 
x x x x o x x x x x 
x x x o o o x x x x 
x x o o o o o x x x 
x x x x x x x x x x 

x x x x x x x x x x 
x o o o o o o o x x 
x p o o o o o x x x 
x x x o o o x x x x 
x x x x o x x x x x 
x x x x x x x x x x 
x x x x o x x x x x 
x x x o o o x x x x 
x x o o o o o x x x 
x x x x x x x x x x 

x x x x x x x x x x 
x o o o o o o o x x 
x x o o o o o p x x 
x x x o o o x x x x 
x x x x o x x x x x 
x x x x x x x x x x 
x x x x o x x x x x 
x x x o o o x x x x 
x x o o o o o x x x 
x x x x x x x x x x 

x x x x x x x x x x 
x o o o o o o o x x 
x x o o o o o x p x 
x x x o o o x x x x 
x x x x o x x x x x 
x x x x x x x x x x 
x x x x o x x x x x 
x x x o o o x x x x 
x x o o o o o x x x 
x x x x x x x x x x 

x x x x x x x x x x 
x o o o o o o o x x 
x x o o o o o x x p 
x x x o o o x x x x 
x x x x o x x x x x 
x x x x x x x x x x 
x x x x o x x x x x 
x x x o o o x x x x 
x x o o o o o x x x 
x x x x x x x x x x 

x x x x x x x x x x 
x o o o o o o o x x 
x x o o o o o x x x 
p x x o o o x x x x 
x x x x o x x x x x 
x x x x x x x x x x 
x x x x o x x x x x 
x x x o o o x x x x 
x x o o o o o x x x 
x x x x x x x x x x 

x x x x x x x x x x 
x o o o o o o o x x 
x x o o o o o x x x 
x p x o o o x x x x 
x x x x o x x x x x 
x x x x x x x x x x 
x x x x o x x x x x 
x x x o o o x x x x 
x x o o o o o x x x 
x x x x x x x x x x 

x x x x x x x x x x 
x o o o o o o o x x 
x x o o o o o x x x 
x x p o o o x x x x 
x x x x o x x x x x 
x x x x x x x x x x 
x x x x o x x x x x 
x x x o o o x x x x 
x x o o o o o x x x 
x x x x x x x x x x 

x x x x x x x x x x 
x o o o o o o o x x 
x x o o o o o x x x 
x x x o o o p x x x 
x x x x o x x x x x 
x x x x x x x x x x 
x x x x o x x x x x 
x x x o o o x x x x 
x x o o o o o x x x 
x x x x x x x x x x 

x x x x x x x x x x 
x o o o o o o o x x 
x x o o o o o x x x 
x x x o o o x p x x 
x x x x o x x x x x 
x x x x x x x x x x 
x x x x o x x x x x 
x x x o o o x x x x 
x x o o o o o x x x 
x x x x x x x x x x 

x x x x x x x x x x 
x o o o o o o o x x 
x x o o o o o x x x 
x x x o o o x x p x 
x x x x o x x x x x 
x x x x x x x x x x 
x x x x o x x x x x 
x x x o o o x x x x 
x x o o o o o x x x 
x x x x x x x x x x 

x x x x x x x x x x 
x o o o o o o o x x 
x x o o o o o x x x 
x x x o o o x x x p 
x x x x o x x x x x 
x x x x x x x x x x 
x x x x o x x x x x 
x x x o o o x x x x 
x x o o o o o x x x 
x x x x x x x x x x 

x x x x x x x x x x 
x o o o o o o o x x 
x x o o o o o x x x 
x x x o o o x x x x 
p x x x o x x x x x 
x x x x x x x x x x 
x x x x o x x x x x 
x x x o o o x x x x 
x x o o o o o x x x 
x x x x x x x x x x 

x x x x x x x x x x 
x o o o o o o o x x 
x x o o o o o x x x 
x x x o o o x x x x 
x p x x o x x x x x 
x x x x x x x x x x 
x x x x o x x x x x 
x x x o o o x x x x 
x x o o o o o x x x 
x x x x x x x x x x 

x x x x x x x x x x 
x o o o o o o o x x 
x x o o o o o x x x 
x x x o o o x x x x 
x x p x o x x x x x 
x x x x x x x x x x 
x x x x o x x x x x 
x x x o o o x x x x 
x x o o o o o x x x 
x x x x x x x x x x 

x x x x x x x x x x 
x o o o o o o o x x 
x x o o o o o x x x 
x x x o o o x x x x 
x x x p o x x x x x 
x x x x x x x x x x 
x x x x o x x x x x 
x x x o o o x x x x 
x x o o o o o x x x 
x x x x x x x x x x 

x x x x x x x x x x 
x o o o o o o o x x 
x x o o o o o x x x 
x x x o o o x x x x 
x x x x o p x x x x 
x x x x x x x x x x 
x x x x o x x x x x 
x x x o o o x x x x 
x x o o o o o x x x 
x x x x x x x x x x 

x x x x x x x x x x 
x o o o o o o o x x 
x x o o o o o x x x 
x x x o o o x x x x 
x x x x o x p x x x 
x x x x x x x x x x 
x x x x o x x x x x 
x x x o o o x x x x 
x x o o o o o x x x 
x x x x x x x x x x 

x x x x x x x x x x 
x o o o o o o o x x 
x x o o o o o x x x 
x x x o o o x x x x 
x x x x o x x p x x 
x x x x x x x x x x 
x x x x o x x x x x 
x x x o o o x x x x 
x x o o o o o x x x 
x x x x x x x x x x 

x x x x x x x x x x 
x o o o o o o o x x 
x x o o o o o x x x 
x x x o o o x x x x 
x x x x o x x x p x 
x x x x x x x x x x 
x x x x o x x x x x 
x x x o o o x x x x 
x x o o o o o x x x 
x x x x x x x x x x 

x x x x x x x x x x 
x o o o o o o o x x 
x x o o o o o x x x 
x x x o o o x x x x 
x x x x o x x x x p 
x x x x x x x x x x 
x x x x o x x x x x 
x x x o o o x x x x 
x x o o o o o x x x 
x x x x x x x x x x 

x x x x x x x x x x 
x o o o o o o o x x 
x x o o o o o x x x 
x x x o o o x x x x 
x x x x o x x x x x 
p x x x x x x x x x 
x x x x o x x x x x 
x x x o o o x x x x 
x x o o o o o x x x 
x x x x x x x x x x 

x x x x x x x x x x 
x o o o o o o o x x 
x x o o o o o x x x 
x x x o o o x x x x 
x x x x o x x x x x 
x p x x x x x x x x 
x x x x o x x x x x 
x x x o o o x x x x 
x x o o o o o x x x 
x x x x x x x x x x 

x x x x x x x x x x 
x o o o o o o o x x 
x x o o o o o x x x 
x x x o o o x x x x 
x x x x o x x x x x 
x x p x x x x x x x 
x x x x o x x x x x 
x x x o o o x x x x 
x x o o o o o x x x 
x x x x x x x x x x 

x x x x x x x x x x 
x o o o o o o o x x 
x x o o o o o x x x 
x x x o o o x x x x 
x x x x o x x x x x 
x x x p x x x x x x 
x x x x o x x x x x 
x x x o o o x x x x 
x x o o o o o x x x 
x x x x x x x x x x 

x x x x x x x x x x 
x o o o o o o o x x 
x x o o o o o x x x 
x x x o o o x x x x 
x x x x o x x x x x 
x x x x p x x x x x 
x x x x o x x x x x 
x x x o o o x x x x 
x x o o o o o x x x 
x x x x x x x x x x 

x x x x x x x x x x 
x o o o o o o o x x 
x x o o o o o x x x 
x x x o o o x x x x 
x x x x o x x x x x 
x x x x x p x x x x 
x x x x o x x x x x 
x x x o o o x x x x 
x x o o o o o x x x 
x x x x x x x x x x 

x x x x x x x x x x 
x o o o o o o o x x 
x x o o o o o x x x 
x x x o o o x x x x 
x x x x o x x x x x 
x x x x x x p x x x 
x x x x o x x x x x 
x x x o o o x x x x 
x x o o o o o x x x 
x x x x x x x x x x 

x x x x x x x x x x 
x o o o o o o o x x 
x x o o o o o x x x 
x x x o o o x x x x 
x x x x o x x x x x 
x x x x x x x p x x 
x x x x o x x x x x 
x x x o o o x x x x 
x x o o o o o x x x 
x x x x x x x x x x 

x x x x x x x x x x 
x o o o o o o o x x 
x x o o o o o x x x 
x x x o o o x x x x 
x x x x o x x x x x 
x x x x x x x x p x 
x x x x o x x x x x 
x x x o o o x x x x 
x x o o o o o x x x 
x x x x x x x x x x 

x x x x x x x x x x 
x o o o o o o o x x 
x x o o o o o x x x 
x x x o o o x x x x 
x x x x o x x x x x 
x x x x x x x x x p 
x x x x o x x x x x 
x x x o o o x x x x 
x x o o o o o x x x 
x x x x x x x x x x 

x x x x x x x x x x 
x o o o o o o o x x 
x x o o o o o x x x 
x x x o o o x x x x 
x x x x o x x x x x 
x x x x x x x x x x 
p x x x o x x x x x 
x x x o o o x x x x 
x x o o o o o x x x 
x x x x x x x x x x 

x x x x x x x x x x 
x o o o o o o o x x 
x x o o o o o x x x 
x x x o o o x x x x 
x x x x o x x x x x 
x x x x x x x x x x 
x p x x o x x x x x 
x x x o o o x x x x 
x x o o o o o x x x 
x x x x x x x x x x 

x x x x x x x x x x 
x o o o o o o o x x 
x x o o o o o x x x 
x x x o o o x x x x 
x x x x o x x x x x 
x x x x x x x x x x 
x x p x o x x x x x 
x x x o o o x x x x 
x x o o o o o x x x 
x x x x x x x x x x 

x x x x x x x x x x 
x o o o o o o o x x 
x x o o o o o x x x 
x x x o o o x x x x 
x x x x o x x x x x 
x x x x x x x x x x 
x x x p o x x x x x 
x x x o o o x x x x 
x x o o o o o x x x 
x x x x x x x x x x 

x x x x x x x x x x 
x o o o o o o o x x 
x x o o o o o x x x 
x x x o o o x x x x 
x x x x o x x x x x 
x x x x x x x x x x 
x x x x o p x x x x 
x x x o o o x x x x 
x x o o o o o x x x 
x x x x x x x x x x 

x x x x x x x x x x 
x o o o o o o o x x 
x x o o o o o x x x 
x x x o o o x x x x 
x x x x o x x x x x 
x x x x x x x x x x 
x x x x o x p x x x 
x x x o o o x x x x 
x x o o o o o x x x 
x x x x x x x x x x 

x x x x x x x x x x 
x o o o o o o o x x 
x x o o o o o x x x 
x x x o o o x x x x 
x x x x o x x x x x 
x x x x x x x x x x 
x x x x o x x p x x 
x x x o o o x x x x 
x x o o o o o x x x 
x x x x x x x x x x 

x x x x x x x x x x 
x o o o o o o o x x 
x x o o o o o x x x 
x x x o o o x x x x 
x x x x o x x x x x 
x x x x x x x x x x 
x x x x o x x x p x 
x x x o o o x x x x 
x x o o o o o x x x 
x x x x x x x x x x 

x x x x x x x x x x 
x o o o o o o o x x 
x x o o o o o x x x 
x x x o o o x x x x 
x x x x o x x x x x 
x x x x x x x x x x 
x x x x o x x x x p 
x x x o o o x x x x 
x x o o o o o x x x 
x x x x x x x x x x 

x x x x x x x x x x 
x o o o o o o o x x 
x x o o o o o x x x 
x x x o o o x x x x 
x x x x o x x x x x 
x x x x x x x x x x 
x x x x o x x x x x 
p x x o o o x x x x 
x x o o o o o x x x 
x x x x x x x x x x 

x x x x x x x x x x 
x o o o o o o o x x 
x x o o o o o x x x 
x x x o o o x x x x 
x x x x o x x x x x 
x x x x x x x x x x 
x x x x o x x x x x 
x p x o o o x x x x 
x x o o o o o x x x 
x x x x x x x x x x 

x x x x x x x x x x 
x o o o o o o o x x 
x x o o o o o x x x 
x x x o o o x x x x 
x x x x o x x x x x 
x x x x x x x x x x 
x x x x o x x x x x 
x x p o o o x x x x 
x x o o o o o x x x 
x x x x x x x x x x 

x x x x x x x x x x 
x o o o o o o o x x 
x x o o o o o x x x 
x x x o o o x x x x 
x x x x o x x x x x 
x x x x x x x x x x 
x x x x o x x x x x 
x x x o o o p x x x 
x x o o o o o x x x 
x x x x x x x x x x 

x x x x x x x x x x 
x o o o o o o o x x 
x x o o o o o x x x 
x x x o o o x x x x 
x x x x o x x x x x 
x x x x x x x x x x 
x x x x o x x x x x 
x x x o o o x p x x 
x x o o o o o x x x 
x x x x x x x x x x 

x x x x x x x x x x 
x o o o o o o o x x 
x x o o o o o x x x 
x x x o o o x x x x 
x x x x o x x x x x 
x x x x x x x x x x 
x x x x o x x x x x 
x x x o o o x x p x 
x x o o o o o x x x 
x x x x x x x x x x 

x x x x x x x x x x 
x o o o o o o o x x 
x x o o o o o x x x 
x x x o o o x x x x 
x x x x o x x x x x 
x x x x x x x x x x 
x x x x o x x x x x 
x x x o o o x x x p 
x x o o o o o x x x 
x x x x x x x x x x 

x x x x x x x x x x 
x o o o o o o o x x 
x x o o o o o x x x 
x x x o o o x x x x 
x x x x o x x x x x 
x x x x x x x x x x 
x x x x o x x x x x 
x x x o o o x x x x 
p x o o o o o x x x 
x x x x x x x x x x 

x x x x x x x x x x 
x o o o o o o o x x 
x x o o o o o x x x 
x x x o o o x x x x 
x x x x o x x x x x 
x x x x x x x x x x 
x x x x o x x x x x 
x x x o o o x x x x 
x p o o o o o x x x 
x x x x x x x x x x 

x x x x x x x x x x 
x o o o o o o o x x 
x x o o o o o x x x 
x x x o o o x x x x 
x x x x o x x x x x 
x x x x x x x x x x 
x x x x o x x x x x 
x x x o o o x x x x 
x x o o o o o p x x 
x x x x x x x x x x 

x x x x x x x x x x 
x o o o o o o o x x 
x x o o o o o x x x 
x x x o o o x x x x 
x x x x o x x x x x 
x x x x x x x x x x 
x x x x o x x x x x 
x x x o o o x x x x 
x x o o o o o x p x 
x x x x x x x x x x 

x x x x x x x x x x 
x o o o o o o o x x 
x x o o o o o x x x 
x x x o o o x x x x 
x x x x o x x x x x 
x x x x x x x x x x 
x x x x o x x x x x 
x x x o o o x x x x 
x x o o o o o x x p 
x x x x x x x x x x 

x x x x x x x x x x 
x o o o o o o o x x 
x x o o o o o x x x 
x x x o o o x x x x 
x x x x o x x x x x 
x x x x x x x x x x 
x x x x o x x x x x 
x x x o o o x x x x 
x x o o o o o x x x 
p x x x x x x x x x 

x x x x x x x x x x 
x o o o o o o o x x 
x x o o o o o x x x 
x x x o o o x x x x 
x x x x o x x x x x 
x x x x x x x x x x 
x x x x o x x x x x 
x x x o o o x x x x 
x x o o o o o x x x 
x p x x x x x x x x 

x x x x x x x x x x 
x o o o o o o o x x 
x x o o o o o x x x 
x x x o o o x x x x 
x x x x o x x x x x 
x x x x x x x x x x 
x x x x o x x x x x 
x x x o o o x x x x 
x x o o o o o x x x 
x x p x x x x x x x 

x x x x x x x x x x 
x o o o o o o o x x 
x x o o o o o x x x 
x x x o o o x x x x 
x x x x o x x x x x 
x x x x x x x x x x 
x x x x o x x x x x 
x x x o o o x x x x 
x x o o o o o x x x 
x x x p x x x x x x 

x x x x x x x x x x 
x o o o o o o o x x 
x x o o o o o x x x 
x x x o o o x x x x 
x x x x o x x x x x 
x x x x x x x x x x 
x x x x o x x x x x 
x x x o o o x x x x 
x x o o o o o x x x 
x x x x p x x x x x 

x x x x x x x x x x 
x o o o o o o o x x 
x x o o o o o x x x 
x x x o o o x x x x 
x x x x o x x x x x 
x x x x x x x x x x 
x x x x o x x x x x 
x x x o o o x x x x 
x x o o o o o x x x 
x x x x x p x x x x 

x x x x x x x x x x 
x o o o o o o o x x 
x x o o o o o x x x 
x x x o o o x x x x 
x x x x o x x x x x 
x x x x x x x x x x 
x x x x o x x x x x 
x x x o o o x x x x 
x x o o o o o x x x 
x x x x x x p x x x 

x x x x x x x x x x 
x o o o o o o o x x 
x x o o o o o x x x 
x x x o o o x x x x 
x x x x o x x x x x 
x x x x x x x x x x 
x x x x o x x x x x 
x x x o o o x x x x 
x x o o o o o x x x 
x x x x x x x p x x 

x x x x x x x x x x 
x o o o o o o o x x 
x x o o o o o x x x 
x x x o o o x x x x 
x x x x o x x x x x 
x x x x x x x x x x 
x x x x o x x x x x 
x x x o o o x x x x 
x x o o o o o x x x 
x x x x x x x x p x 

x x x x x x x x x x 
x o o o o o o o x x 
x x o o o o o x x x 
x x x o o o x x x x 
x x x x o x x x x x 
x x x x x x x x x x 
x x x x o x x x x x 
x x x o o o x x x x 
x x o o o o o x x x 
x x x x x x x x x p 

NO
